<?xml version="1.0" encoding="UTF-8"?>
<!-- Generated by org.testng.reporters.JUnitReportReporter -->
<testsuite skipped="0" hostname="DESKTOP-3187O40" name="SeleniumDeloitteDemo.NewTestNG" tests="1" failures="0" timestamp="2020-01-15T16:57:14 IST" time="7.774" errors="0">
  <testcase name="verifyHomePage" time="7.774" classname="SeleniumDeloitteDemo.NewTestNG"/>
</testsuite> <!-- SeleniumDeloitteDemo.NewTestNG -->
