<?xml version="1.0" encoding="UTF-8"?>
<!-- Generated by org.testng.reporters.JUnitReportReporter -->
<testsuite skipped="0" hostname="DESKTOP-3187O40" name="SeleniumDeloitteDemo.TestNGPriorityMethods" tests="1" failures="0" timestamp="2020-01-16T13:42:06 IST" time="0.017" errors="0">
  <testcase name="checkTitle" time="0.017" classname="SeleniumDeloitteDemo.TestNGPriorityMethods"/>
</testsuite> <!-- SeleniumDeloitteDemo.TestNGPriorityMethods -->
